<?xml version="1.0" encoding="UTF-8"?>
<!-- Generated by org.testng.reporters.JUnitReportReporter -->
<testsuite hostname="WSD011" name="com.uat.TestCases.VerifyLoginFucntionality" tests="2" failures="0" timestamp="14 Mar 2017 11:31:30 GMT" time="0.016" errors="0">
  <testcase name="verifyValidLogin" time="0.016" classname="com.uat.TestCases.VerifyLoginFucntionality"/>
  <testcase name="verifyValidLogin" time="0.000" classname="com.uat.TestCases.VerifyLoginFucntionality"/>
</testsuite> <!-- com.uat.TestCases.VerifyLoginFucntionality -->
